[     625ms] [LOG] [Fast Refresh] rebuilding @ http://localhost:3000/_next/static/chunks/103f_next_dist_053_-jm._.js:2431
[     693ms] [LOG] [Fast Refresh] done in 175ms @ http://localhost:3000/_next/static/chunks/103f_next_dist_053_-jm._.js:2431
[     889ms] [LOG] %c[Vercel Speed Insights]%c [vitals] color: rgb(120, 120, 120) color: inherit {speed: 4g, metrics: Array(3), scriptVersion: 0.1.3, sdkName: @vercel/speed-insights/next, sdkVersion: 2.0.0} /_vercel/speed-insights/vitals @ http://localhost:3000/_next/static/chunks/103f_next_dist_053_-jm._.js:2431
[     893ms] [LOG] %c[Vercel Speed Insights]%c [vitals] color: rgb(120, 120, 120) color: inherit {speed: 4g, metrics: Array(1), scriptVersion: 0.1.3, sdkName: @vercel/speed-insights/next, sdkVersion: 2.0.0} /_vercel/speed-insights/vitals @ http://localhost:3000/_next/static/chunks/103f_next_dist_053_-jm._.js:2431
[    1232ms] [INFO] %cDownload the React DevTools for a better development experience: https://react.dev/link/react-devtools font-weight:bold @ http://localhost:3000/_next/static/chunks/103f_next_dist_053_-jm._.js:2431
[    1431ms] [LOG] [HMR] connected @ http://localhost:3000/_next/static/chunks/103f_next_dist_053_-jm._.js:2431
[    1603ms] [LOG] [Fast Refresh] rebuilding @ http://localhost:3000/_next/static/chunks/103f_next_dist_053_-jm._.js:2431
[    1603ms] [LOG] %c[Vercel Web Analytics]%c Debug mode is enabled by default in development. No requests will be sent to the server. color: rgb(120, 120, 120) color: inherit @ http://localhost:3000/_next/static/chunks/103f_next_dist_053_-jm._.js:2431
[    1604ms] [LOG] %c[Vercel Web Analytics]%c [view] http://localhost:3000/signup color: rgb(120, 120, 120) color: inherit {o: http://localhost:3000/signup, sv: 0.1.3, sdkn: @vercel/analytics/react, sdkv: 1.6.1, ts: 1780233698699} /_vercel/insights/view @ http://localhost:3000/_next/static/chunks/103f_next_dist_053_-jm._.js:2431
[    1605ms] [LOG] %c[Vercel Speed Insights]%c Debug mode is enabled by default in development. No requests will be sent to the server. color: rgb(120, 120, 120) color: inherit @ http://localhost:3000/_next/static/chunks/103f_next_dist_053_-jm._.js:2431
[    1701ms] [LOG] [Fast Refresh] done in 201ms @ http://localhost:3000/_next/static/chunks/103f_next_dist_053_-jm._.js:2431
[    1722ms] [WARNING] Clerk: Clerk has been loaded with development keys. Development instances have strict usage limits and should not be used when deploying your application to production. Learn more: https://clerk.com/docs/deployments/overview @ http://localhost:3000/_next/static/chunks/103f_next_dist_053_-jm._.js:2431
[    2812ms] [VERBOSE] [DOM] Input elements should have autocomplete attributes (suggested: "username"): (More info: https://goo.gl/9p2vKq) %o @ http://localhost:3000/signup:0
[    2914ms] [LOG] [Fast Refresh] rebuilding @ http://localhost:3000/_next/static/chunks/103f_next_dist_053_-jm._.js:2431
[    3058ms] [LOG] [Fast Refresh] done in 245ms @ http://localhost:3000/_next/static/chunks/103f_next_dist_053_-jm._.js:2431
[   12825ms] [LOG] [Fast Refresh] rebuilding @ http://localhost:3000/_next/static/chunks/103f_next_dist_053_-jm._.js:2431
[   12944ms] [LOG] [Fast Refresh] done in 221ms @ http://localhost:3000/_next/static/chunks/103f_next_dist_053_-jm._.js:2431
[   16876ms] [LOG] [Fast Refresh] rebuilding @ http://localhost:3000/_next/static/chunks/103f_next_dist_053_-jm._.js:2431
[   17096ms] [LOG] [Fast Refresh] done in 321ms @ http://localhost:3000/_next/static/chunks/103f_next_dist_053_-jm._.js:2431
[   17277ms] [LOG] [Fast Refresh] rebuilding @ http://localhost:3000/_next/static/chunks/103f_next_dist_053_-jm._.js:2431
[   18113ms] [LOG] [Fast Refresh] done in 936ms @ http://localhost:3000/_next/static/chunks/103f_next_dist_053_-jm._.js:2431
[   45733ms] [LOG] [Fast Refresh] rebuilding @ http://localhost:3000/_next/static/chunks/103f_next_dist_053_-jm._.js:2431
[   58891ms] [LOG] [Fast Refresh] done in 13259ms @ http://localhost:3000/_next/static/chunks/103f_next_dist_053_-jm._.js:2431
[   96762ms] [LOG] [Fast Refresh] rebuilding @ http://localhost:3000/_next/static/chunks/103f_next_dist_053_-jm._.js:2431
[   96782ms] [LOG] [Fast Refresh] done in 123ms @ http://localhost:3000/_next/static/chunks/103f_next_dist_053_-jm._.js:2431
[   99265ms] [LOG] [Fast Refresh] rebuilding @ http://localhost:3000/_next/static/chunks/103f_next_dist_053_-jm._.js:2431
[   99339ms] [LOG] [Fast Refresh] done in 175ms @ http://localhost:3000/_next/static/chunks/103f_next_dist_053_-jm._.js:2431
[  564014ms] [LOG] [HMR] connected @ http://localhost:3000/_next/static/chunks/103f_next_dist_053_-jm._.js:2431
[  564201ms] [LOG] [Fast Refresh] rebuilding @ http://localhost:3000/_next/static/chunks/103f_next_dist_053_-jm._.js:2431
[  564221ms] [LOG] [Fast Refresh] done in 123ms @ http://localhost:3000/_next/static/chunks/103f_next_dist_053_-jm._.js:2431
