[     968ms] [INFO] %cDownload the React DevTools for a better development experience: https://react.dev/link/react-devtools font-weight:bold @ http://localhost:3000/_next/static/chunks/103f_next_dist_053_-jm._.js:2431
[    1145ms] [LOG] [HMR] connected @ http://localhost:3000/_next/static/chunks/103f_next_dist_053_-jm._.js:2431
[    1317ms] [LOG] [Fast Refresh] rebuilding @ http://localhost:3000/_next/static/chunks/103f_next_dist_053_-jm._.js:2431
[    1397ms] [LOG] %c[Vercel Web Analytics]%c Debug mode is enabled by default in development. No requests will be sent to the server. color: rgb(120, 120, 120) color: inherit @ http://localhost:3000/_next/static/chunks/103f_next_dist_053_-jm._.js:2431
[    1398ms] [LOG] %c[Vercel Web Analytics]%c [view] http://localhost:3000/signup color: rgb(120, 120, 120) color: inherit {o: http://localhost:3000/signup, sv: 0.1.3, sdkn: @vercel/analytics/react, sdkv: 1.6.1, ts: 1780233370751} /_vercel/insights/view @ http://localhost:3000/_next/static/chunks/103f_next_dist_053_-jm._.js:2431
[    1406ms] [LOG] %c[Vercel Speed Insights]%c Debug mode is enabled by default in development. No requests will be sent to the server. color: rgb(120, 120, 120) color: inherit @ http://localhost:3000/_next/static/chunks/103f_next_dist_053_-jm._.js:2431
[    1479ms] [WARNING] Clerk: Clerk has been loaded with development keys. Development instances have strict usage limits and should not be used when deploying your application to production. Learn more: https://clerk.com/docs/deployments/overview @ http://localhost:3000/_next/static/chunks/103f_next_dist_053_-jm._.js:2431
[    2214ms] [LOG] [Fast Refresh] done in 1014ms @ http://localhost:3000/_next/static/chunks/103f_next_dist_053_-jm._.js:2431
[    2890ms] [VERBOSE] [DOM] Input elements should have autocomplete attributes (suggested: "username"): (More info: https://goo.gl/9p2vKq) %o @ http://localhost:3000/signup:0
[    3095ms] [LOG] [Fast Refresh] rebuilding @ http://localhost:3000/_next/static/chunks/103f_next_dist_053_-jm._.js:2431
[    3499ms] [LOG] [Fast Refresh] done in 505ms @ http://localhost:3000/_next/static/chunks/103f_next_dist_053_-jm._.js:2431
[    9607ms] [LOG] [Fast Refresh] rebuilding @ http://localhost:3000/_next/static/chunks/103f_next_dist_053_-jm._.js:2431
[   10469ms] [LOG] [Fast Refresh] done in 970ms @ http://localhost:3000/_next/static/chunks/103f_next_dist_053_-jm._.js:2431
[   21525ms] [LOG] [Fast Refresh] rebuilding @ http://localhost:3000/_next/static/chunks/103f_next_dist_053_-jm._.js:2431
[   21682ms] [LOG] [Fast Refresh] done in 261ms @ http://localhost:3000/_next/static/chunks/103f_next_dist_053_-jm._.js:2431
[   36029ms] [ERROR] WebSocket connection to 'ws://localhost:3000/_next/webpack-hmr?id=ehTWnJQP26xmvT8K0M2U9' failed: Error in connection establishment: net::ERR_CONNECTION_REFUSED @ http://localhost:3000/_next/static/chunks/103f_next_dist_client_11k4.dd._.js:13299
[   37032ms] [ERROR] WebSocket connection to 'ws://localhost:3000/_next/webpack-hmr?id=ehTWnJQP26xmvT8K0M2U9' failed: Error in connection establishment: net::ERR_CONNECTION_REFUSED @ http://localhost:3000/_next/static/chunks/103f_next_dist_client_11k4.dd._.js:13299
[   38035ms] [ERROR] WebSocket connection to 'ws://localhost:3000/_next/webpack-hmr?id=ehTWnJQP26xmvT8K0M2U9' failed: Error in connection establishment: net::ERR_CONNECTION_REFUSED @ http://localhost:3000/_next/static/chunks/103f_next_dist_client_11k4.dd._.js:13299
[   39038ms] [ERROR] WebSocket connection to 'ws://localhost:3000/_next/webpack-hmr?id=ehTWnJQP26xmvT8K0M2U9' failed: Error in connection establishment: net::ERR_CONNECTION_REFUSED @ http://localhost:3000/_next/static/chunks/103f_next_dist_client_11k4.dd._.js:13299
[   40044ms] [ERROR] WebSocket connection to 'ws://localhost:3000/_next/webpack-hmr?id=ehTWnJQP26xmvT8K0M2U9' failed: Error in connection establishment: net::ERR_CONNECTION_REFUSED @ http://localhost:3000/_next/static/chunks/103f_next_dist_client_11k4.dd._.js:13299
[   45055ms] [LOG] [HMR] connected @ http://localhost:3000/_next/static/chunks/103f_next_dist_053_-jm._.js:2431
[   46868ms] [LOG] %c[Vercel Speed Insights]%c [vitals] color: rgb(120, 120, 120) color: inherit {speed: 4g, metrics: Array(5), scriptVersion: 0.1.3, sdkName: @vercel/speed-insights/next, sdkVersion: 2.0.0} /_vercel/speed-insights/vitals @ http://localhost:3000/_next/static/chunks/103f_next_dist_053_-jm._.js:2431
[   46871ms] [LOG] %c[Vercel Speed Insights]%c [vitals] color: rgb(120, 120, 120) color: inherit {speed: 4g, metrics: Array(1), scriptVersion: 0.1.3, sdkName: @vercel/speed-insights/next, sdkVersion: 2.0.0} /_vercel/speed-insights/vitals @ http://localhost:3000/_next/static/chunks/103f_next_dist_053_-jm._.js:2431
[   47262ms] [INFO] %cDownload the React DevTools for a better development experience: https://react.dev/link/react-devtools font-weight:bold @ http://localhost:3000/_next/static/chunks/103f_next_dist_053_-jm._.js:2431
[   47436ms] [LOG] [HMR] connected @ http://localhost:3000/_next/static/chunks/103f_next_dist_053_-jm._.js:2431
[   47571ms] [LOG] %c[Vercel Web Analytics]%c Debug mode is enabled by default in development. No requests will be sent to the server. color: rgb(120, 120, 120) color: inherit @ http://localhost:3000/_next/static/chunks/103f_next_dist_053_-jm._.js:2431
[   47572ms] [LOG] %c[Vercel Web Analytics]%c [view] http://localhost:3000/signup color: rgb(120, 120, 120) color: inherit {o: http://localhost:3000/signup, sv: 0.1.3, sdkn: @vercel/analytics/react, sdkv: 1.6.1, ts: 1780233416925} /_vercel/insights/view @ http://localhost:3000/_next/static/chunks/103f_next_dist_053_-jm._.js:2431
[   47583ms] [LOG] %c[Vercel Speed Insights]%c Debug mode is enabled by default in development. No requests will be sent to the server. color: rgb(120, 120, 120) color: inherit @ http://localhost:3000/_next/static/chunks/103f_next_dist_053_-jm._.js:2431
[   47585ms] [LOG] [Fast Refresh] rebuilding @ http://localhost:3000/_next/static/chunks/103f_next_dist_053_-jm._.js:2431
[   47598ms] [WARNING] Clerk: Clerk has been loaded with development keys. Development instances have strict usage limits and should not be used when deploying your application to production. Learn more: https://clerk.com/docs/deployments/overview @ http://localhost:3000/_next/static/chunks/103f_next_dist_053_-jm._.js:2431
[   47706ms] [LOG] [Fast Refresh] done in 223ms @ http://localhost:3000/_next/static/chunks/103f_next_dist_053_-jm._.js:2431
[   48439ms] [VERBOSE] [DOM] Input elements should have autocomplete attributes (suggested: "username"): (More info: https://goo.gl/9p2vKq) %o @ http://localhost:3000/signup:0
[   48907ms] [LOG] [Fast Refresh] rebuilding @ http://localhost:3000/_next/static/chunks/103f_next_dist_053_-jm._.js:2431
[   49015ms] [LOG] [Fast Refresh] done in 211ms @ http://localhost:3000/_next/static/chunks/103f_next_dist_053_-jm._.js:2431
[   49118ms] [LOG] [Fast Refresh] rebuilding @ http://localhost:3000/_next/static/chunks/103f_next_dist_053_-jm._.js:2431
[   49296ms] [LOG] [Fast Refresh] done in 279ms @ http://localhost:3000/_next/static/chunks/103f_next_dist_053_-jm._.js:2431
[   49645ms] [LOG] [Fast Refresh] rebuilding @ http://localhost:3000/_next/static/chunks/103f_next_dist_053_-jm._.js:2431
[   49890ms] [LOG] [Fast Refresh] done in 346ms @ http://localhost:3000/_next/static/chunks/103f_next_dist_053_-jm._.js:2431
[   90999ms] [LOG] [Fast Refresh] rebuilding @ http://localhost:3000/_next/static/chunks/103f_next_dist_053_-jm._.js:2431
[   93022ms] [LOG] [Fast Refresh] done in 2126ms @ http://localhost:3000/_next/static/chunks/103f_next_dist_053_-jm._.js:2431
[   93194ms] [LOG] [Fast Refresh] rebuilding @ http://localhost:3000/_next/static/chunks/103f_next_dist_053_-jm._.js:2431
[   93233ms] [LOG] [Fast Refresh] done in 140ms @ http://localhost:3000/_next/static/chunks/103f_next_dist_053_-jm._.js:2431
[   93337ms] [LOG] [Fast Refresh] rebuilding @ http://localhost:3000/_next/static/chunks/103f_next_dist_053_-jm._.js:2431
[   93655ms] [LOG] [Fast Refresh] done in 419ms @ http://localhost:3000/_next/static/chunks/103f_next_dist_053_-jm._.js:2431
[   97464ms] [LOG] [Fast Refresh] rebuilding @ http://localhost:3000/_next/static/chunks/103f_next_dist_053_-jm._.js:2431
[   99997ms] [LOG] [Fast Refresh] done in 2636ms @ http://localhost:3000/_next/static/chunks/103f_next_dist_053_-jm._.js:2431
[  204638ms] [LOG] [Fast Refresh] rebuilding @ http://localhost:3000/_next/static/chunks/103f_next_dist_053_-jm._.js:2431
[  205543ms] [LOG] [Fast Refresh] done in 985ms @ http://localhost:3000/_next/static/chunks/103f_next_dist_053_-jm._.js:2431
[  223191ms] [LOG] [Fast Refresh] rebuilding @ http://localhost:3000/_next/static/chunks/103f_next_dist_053_-jm._.js:2431
[  223524ms] [LOG] [Fast Refresh] done in 415ms @ http://localhost:3000/_next/static/chunks/103f_next_dist_053_-jm._.js:2431
[  282769ms] [ERROR] WebSocket connection to 'ws://localhost:3000/_next/webpack-hmr?id=Uk7NfejPpowlng0Hy-N8j' failed:  @ http://localhost:3000/_next/static/chunks/103f_next_dist_client_11k4.dd._.js:13299
[  283802ms] [ERROR] WebSocket connection to 'ws://localhost:3000/_next/webpack-hmr?id=Uk7NfejPpowlng0Hy-N8j' failed: Error in connection establishment: net::ERR_CONNECTION_REFUSED @ http://localhost:3000/_next/static/chunks/103f_next_dist_client_11k4.dd._.js:13299
[  284809ms] [ERROR] WebSocket connection to 'ws://localhost:3000/_next/webpack-hmr?id=Uk7NfejPpowlng0Hy-N8j' failed: Error in connection establishment: net::ERR_CONNECTION_REFUSED @ http://localhost:3000/_next/static/chunks/103f_next_dist_client_11k4.dd._.js:13299
[  285819ms] [ERROR] WebSocket connection to 'ws://localhost:3000/_next/webpack-hmr?id=Uk7NfejPpowlng0Hy-N8j' failed: Error in connection establishment: net::ERR_CONNECTION_REFUSED @ http://localhost:3000/_next/static/chunks/103f_next_dist_client_11k4.dd._.js:13299
[  286837ms] [ERROR] WebSocket connection to 'ws://localhost:3000/_next/webpack-hmr?id=Uk7NfejPpowlng0Hy-N8j' failed: Error in connection establishment: net::ERR_CONNECTION_REFUSED @ http://localhost:3000/_next/static/chunks/103f_next_dist_client_11k4.dd._.js:13299
[  287849ms] [ERROR] WebSocket connection to 'ws://localhost:3000/_next/webpack-hmr?id=Uk7NfejPpowlng0Hy-N8j' failed: Error in connection establishment: net::ERR_CONNECTION_REFUSED @ http://localhost:3000/_next/static/chunks/103f_next_dist_client_11k4.dd._.js:13299
[  294335ms] [LOG] [HMR] connected @ http://localhost:3000/_next/static/chunks/103f_next_dist_053_-jm._.js:2431
[  301325ms] [LOG] %c[Vercel Speed Insights]%c [vitals] color: rgb(120, 120, 120) color: inherit {speed: 4g, metrics: Array(3), scriptVersion: 0.1.3, sdkName: @vercel/speed-insights/next, sdkVersion: 2.0.0} /_vercel/speed-insights/vitals @ http://localhost:3000/_next/static/chunks/103f_next_dist_053_-jm._.js:2431
[  301332ms] [LOG] %c[Vercel Speed Insights]%c [vitals] color: rgb(120, 120, 120) color: inherit {speed: 4g, metrics: Array(1), scriptVersion: 0.1.3, sdkName: @vercel/speed-insights/next, sdkVersion: 2.0.0} /_vercel/speed-insights/vitals @ http://localhost:3000/_next/static/chunks/103f_next_dist_053_-jm._.js:2431
[  302503ms] [INFO] %cDownload the React DevTools for a better development experience: https://react.dev/link/react-devtools font-weight:bold @ http://localhost:3000/_next/static/chunks/103f_next_dist_053_-jm._.js:2431
[  302652ms] [LOG] [HMR] connected @ http://localhost:3000/_next/static/chunks/103f_next_dist_053_-jm._.js:2431
[  302816ms] [LOG] %c[Vercel Web Analytics]%c Debug mode is enabled by default in development. No requests will be sent to the server. color: rgb(120, 120, 120) color: inherit @ http://localhost:3000/_next/static/chunks/103f_next_dist_053_-jm._.js:2431
[  302817ms] [LOG] %c[Vercel Web Analytics]%c [view] http://localhost:3000/signup color: rgb(120, 120, 120) color: inherit {o: http://localhost:3000/signup, sv: 0.1.3, sdkn: @vercel/analytics/react, sdkv: 1.6.1, ts: 1780233672170} /_vercel/insights/view @ http://localhost:3000/_next/static/chunks/103f_next_dist_053_-jm._.js:2431
[  302819ms] [WARNING] Clerk: Clerk has been loaded with development keys. Development instances have strict usage limits and should not be used when deploying your application to production. Learn more: https://clerk.com/docs/deployments/overview @ http://localhost:3000/_next/static/chunks/103f_next_dist_053_-jm._.js:2431
[  303228ms] [LOG] %c[Vercel Speed Insights]%c Debug mode is enabled by default in development. No requests will be sent to the server. color: rgb(120, 120, 120) color: inherit @ http://localhost:3000/_next/static/chunks/103f_next_dist_053_-jm._.js:2431
[  304032ms] [VERBOSE] [DOM] Input elements should have autocomplete attributes (suggested: "username"): (More info: https://goo.gl/9p2vKq) %o @ http://localhost:3000/signup:0
[  304277ms] [LOG] [Fast Refresh] rebuilding @ http://localhost:3000/_next/static/chunks/103f_next_dist_053_-jm._.js:2431
[  304332ms] [LOG] [Fast Refresh] done in 155ms @ http://localhost:3000/_next/static/chunks/103f_next_dist_053_-jm._.js:2431
