[     687ms] [INFO] %cDownload the React DevTools for a better development experience: https://react.dev/link/react-devtools font-weight:bold @ http://localhost:3000/_next/static/chunks/103f_next_dist_053_-jm._.js:2431
[     787ms] [LOG] [HMR] connected @ http://localhost:3000/_next/static/chunks/103f_next_dist_053_-jm._.js:2431
[     914ms] [LOG] [Fast Refresh] rebuilding @ http://localhost:3000/_next/static/chunks/103f_next_dist_053_-jm._.js:2431
[     922ms] [LOG] [Fast Refresh] done in 113ms @ http://localhost:3000/_next/static/chunks/103f_next_dist_053_-jm._.js:2431
[     932ms] [LOG] %c[Vercel Web Analytics]%c Debug mode is enabled by default in development. No requests will be sent to the server. color: rgb(120, 120, 120) color: inherit @ http://localhost:3000/_next/static/chunks/103f_next_dist_053_-jm._.js:2431
[     932ms] [LOG] %c[Vercel Web Analytics]%c [view] http://localhost:3000/signin color: rgb(120, 120, 120) color: inherit {o: http://localhost:3000/signin, sv: 0.1.3, sdkn: @vercel/analytics/react, sdkv: 1.6.1, ts: 1780233075092} /_vercel/insights/view @ http://localhost:3000/_next/static/chunks/103f_next_dist_053_-jm._.js:2431
[     936ms] [LOG] %c[Vercel Speed Insights]%c Debug mode is enabled by default in development. No requests will be sent to the server. color: rgb(120, 120, 120) color: inherit @ http://localhost:3000/_next/static/chunks/103f_next_dist_053_-jm._.js:2431
[    1444ms] [WARNING] Clerk: Clerk has been loaded with development keys. Development instances have strict usage limits and should not be used when deploying your application to production. Learn more: https://clerk.com/docs/deployments/overview @ http://localhost:3000/_next/static/chunks/103f_next_dist_053_-jm._.js:2431
[    2569ms] [VERBOSE] [DOM] Input elements should have autocomplete attributes (suggested: "current-password"): (More info: https://goo.gl/9p2vKq) %o @ http://localhost:3000/signin:0
[    3036ms] [LOG] [Fast Refresh] rebuilding @ http://localhost:3000/_next/static/chunks/103f_next_dist_053_-jm._.js:2431
[    3194ms] [LOG] [Fast Refresh] done in 258ms @ http://localhost:3000/_next/static/chunks/103f_next_dist_053_-jm._.js:2431
[    3338ms] [ERROR] Failed to load resource: the server responded with a status of 404 (Not Found) @ http://localhost:3000/signin/SignIn_clerk_catchall_check_1780233076264:0
[    3356ms] Error: 
Clerk: The <SignIn/> component is not configured correctly. The most likely reasons for this error are:

1. The "/signin" route is not a catch-all route.
It is recommended to convert this route to a catch-all route, eg: "/signin/[[...rest]]/page.tsx". Alternatively, you can update the <SignIn/> component to use hash-based routing by setting the "routing" prop to "hash".

2. The <SignIn/> component is mounted in a catch-all route, but all routes under "/signin" are protected by the middleware.
To resolve this, ensure that the middleware does not protect the catch-all route or any of its children. If you are using the "createRouteMatcher" helper, consider adding "(.*)" to the end of the route pattern, eg: "/signin(.*)". For more information, see: https://clerk.com/docs/reference/nextjs/clerk-middleware#create-route-matcher

    at useEnforceCatchAllRoute.useEffect.error (http://localhost:3000/_next/static/chunks/0mvz_%40clerk_nextjs_dist_esm_0wuhbe-._.js:106:27)
    at useEnforceCatchAllRoute.useEffect.check (http://localhost:3000/_next/static/chunks/0mvz_%40clerk_nextjs_dist_esm_0wuhbe-._.js:136:29)
[    3711ms] [LOG] [Fast Refresh] rebuilding @ http://localhost:3000/_next/static/chunks/103f_next_dist_053_-jm._.js:2431
[    4591ms] [LOG] [Fast Refresh] done in 983ms @ http://localhost:3000/_next/static/chunks/103f_next_dist_053_-jm._.js:2431
[    5242ms] [LOG] [Fast Refresh] rebuilding @ http://localhost:3000/_next/static/chunks/103f_next_dist_053_-jm._.js:2431
[    7910ms] [LOG] [Fast Refresh] done in 2770ms @ http://localhost:3000/_next/static/chunks/103f_next_dist_053_-jm._.js:2431
